make --dry-run --always-make --keep-going --print-directory
make: Entering directory `/Users/pjacob/Documents/cursus/libft'
gcc    -c -o ft_atoi.o ft_atoi.c
gcc    -c -o ft_bzero.o ft_bzero.c
gcc    -c -o ft_calloc.o ft_calloc.c
gcc    -c -o ft_isalnum.o ft_isalnum.c
gcc    -c -o ft_isalpha.o ft_isalpha.c
gcc    -c -o ft_isascii.o ft_isascii.c
gcc    -c -o ft_isdigit.o ft_isdigit.c
gcc    -c -o ft_isprint.o ft_isprint.c
gcc    -c -o ft_itoa.o ft_itoa.c
gcc    -c -o ft_memccpy.o ft_memccpy.c
gcc    -c -o ft_memchr.o ft_memchr.c
gcc    -c -o ft_memcmp.o ft_memcmp.c
gcc    -c -o ft_memcpy.o ft_memcpy.c
gcc    -c -o ft_memmove.o ft_memmove.c
gcc    -c -o ft_memset.o ft_memset.c
gcc    -c -o ft_putchar_fd.o ft_putchar_fd.c
gcc    -c -o ft_putendl_fd.o ft_putendl_fd.c
gcc    -c -o ft_putnbr_fd.o ft_putnbr_fd.c
gcc    -c -o ft_putstr_fd.o ft_putstr_fd.c
gcc    -c -o ft_split.o ft_split.c
gcc    -c -o ft_strchr.o ft_strchr.c
gcc    -c -o ft_strdup.o ft_strdup.c
gcc    -c -o ft_strjoin.o ft_strjoin.c
gcc    -c -o ft_strlcat.o ft_strlcat.c
gcc    -c -o ft_strlcpy.o ft_strlcpy.c
gcc    -c -o ft_strlen.o ft_strlen.c
gcc    -c -o ft_strmapi.o ft_strmapi.c
gcc    -c -o ft_strncmp.o ft_strncmp.c
gcc    -c -o ft_strnstr.o ft_strnstr.c
gcc    -c -o ft_strrchr.o ft_strrchr.c
gcc    -c -o ft_strtrim.o ft_strtrim.c
gcc    -c -o ft_substr.o ft_substr.c
gcc    -c -o ft_tolower.o ft_tolower.c
gcc    -c -o ft_toupper.o ft_toupper.c
ar rcs libft.a ft_atoi.o ft_bzero.o ft_calloc.o ft_isalnum.o ft_isalpha.o ft_isascii.o ft_isdigit.o ft_isprint.o ft_itoa.o ft_memccpy.o ft_memchr.o ft_memcmp.o ft_memcpy.o ft_memmove.o ft_memset.o ft_putchar_fd.o ft_putendl_fd.o ft_putnbr_fd.o ft_putstr_fd.o ft_split.o ft_strchr.o ft_strdup.o ft_strjoin.o ft_strlcat.o ft_strlcpy.o ft_strlen.o ft_strmapi.o ft_strncmp.o ft_strnstr.o ft_strrchr.o ft_strtrim.o ft_substr.o ft_tolower.o ft_toupper.o
make: Leaving directory `/Users/pjacob/Documents/cursus/libft'
 
